2026-03-13T12:29:51.870Z info: Server running on port 5000
2026-03-13T12:30:06.868Z info: Customer Data: Shreyash Jagtap Karad 9168263009
2026-03-13T12:30:06.885Z info: Customer added successfully
2026-03-14T06:35:41.971Z info: Server running on port 5000
2026-03-14T06:36:04.904Z info: Server running on port 5000
2026-03-14T06:36:31.337Z info: Login request received
2026-03-14T06:36:31.360Z info: Login successful for ashu@gmail.com
2026-03-14T06:37:19.619Z info: Customer Data: arbaj pune 092349238505
2026-03-14T06:37:19.629Z info: Customer added successfully
2026-03-14T07:08:00.032Z info: Server running on port 5000
2026-03-17T05:30:58.805Z info: Server running on port 5000
2026-03-17T05:31:16.521Z info: Server running on port 5000
2026-03-17T05:37:42.936Z info: Login request received
2026-03-17T05:37:43.057Z info: Login successful for ashu@gmail.com
2026-03-17T06:45:40.843Z info: Server running on port 5000
2026-03-17T06:49:25.842Z info: Login request received
2026-03-17T06:49:25.847Z info: Login request received
2026-03-17T06:49:25.855Z info: Login successful for ashu@gmail.com
2026-03-17T06:49:25.862Z info: Login successful for ashu@gmail.com
2026-03-17T06:49:27.717Z info: Login request received
2026-03-17T06:49:27.719Z info: Login request received
2026-03-17T06:49:27.721Z info: Login request received
2026-03-17T06:49:27.733Z info: Login successful for ashu@gmail.com
2026-03-17T06:49:27.736Z info: Login successful for ashu@gmail.com
2026-03-17T06:49:27.738Z info: Login successful for ashu@gmail.com
2026-03-17T06:49:28.014Z info: Login request received
2026-03-17T06:49:28.017Z info: Login request received
2026-03-17T06:49:28.019Z info: Login request received
2026-03-17T06:49:28.020Z info: Login successful for ashu@gmail.com
2026-03-17T06:49:28.023Z info: Login successful for ashu@gmail.com
2026-03-17T06:49:28.025Z info: Login successful for ashu@gmail.com
2026-03-17T06:49:30.046Z info: Login request received
2026-03-17T06:49:30.049Z info: Login request received
2026-03-17T06:49:30.051Z info: Login request received
2026-03-17T06:49:30.052Z info: Login request received
2026-03-17T06:49:30.054Z info: Login request received
2026-03-17T06:49:30.055Z info: Login successful for ashu@gmail.com
2026-03-17T06:49:30.059Z info: Login successful for ashu@gmail.com
2026-03-17T06:49:30.062Z info: Login successful for ashu@gmail.com
2026-03-17T06:49:30.064Z info: Login successful for ashu@gmail.com
2026-03-17T06:49:30.065Z info: Login successful for ashu@gmail.com
2026-03-17T06:49:31.968Z info: Login request received
2026-03-17T06:49:31.979Z info: Login successful for ashu@gmail.com
2026-03-17T07:00:37.704Z info: Customer Data: panu pune 92349238505
2026-03-17T07:00:37.721Z info: Customer added successfully
2026-03-17T07:03:10.788Z info: Login request received
2026-03-17T07:03:10.791Z info: Login successful for ashu@gmail.com
2026-03-17T08:44:53.771Z info: Login request received
2026-03-17T08:44:53.773Z info: Login successful for ashu@gmail.com
2026-03-17T08:45:35.249Z info: Customer Data: pinu Karad 985934543
2026-03-17T08:45:35.262Z info: Customer added successfully
2026-03-17T09:46:18.250Z info: Login request received
2026-03-17T09:46:18.253Z info: Login successful for ashu@gmail.com
2026-03-17T09:47:29.693Z info: Server running on port 5000
2026-03-17T09:47:35.151Z info: Login request received
2026-03-17T09:47:35.159Z info: Login successful for ashu@gmail.com
2026-03-17T09:47:55.389Z info: Login request received
2026-03-17T09:47:55.392Z info: Login successful for ashu@gmail.com
2026-03-17T09:49:29.866Z info: Login request received
2026-03-17T09:49:29.869Z info: Login successful for ashu@gmail.com
2026-03-17T09:53:40.249Z info: Customer Data: panu Karad 93494204865
2026-03-17T09:53:40.265Z info: Customer added successfully
2026-03-17T11:21:26.798Z info: Login request received
2026-03-17T11:21:26.801Z info: Login successful for ashu@gmail.com
2026-03-17T11:23:02.534Z info: Login request received
2026-03-17T11:23:02.535Z info: Login successful for ashu@gmail.com
2026-04-06T10:35:48.000Z info: Server running on port 5000
2026-04-07T05:26:33.873Z info: Server running on port 5000
2026-04-08T11:37:14.235Z info: Server running on port 5000
2026-04-08T11:47:38.893Z info: Server running on port 5000
2026-04-09T07:12:13.368Z info: Server running on port 5000
2026-04-09T07:38:56.648Z info: Server running on port 5000
2026-04-09T07:39:04.145Z info: Login request received
2026-04-09T07:39:04.209Z warn: Invalid login attempt: test@gmail.com
2026-04-09T07:39:15.441Z info: Login request received
2026-04-09T07:39:15.444Z warn: Invalid login attempt: test@gmail.com
2026-04-09T07:39:42.204Z info: Login request received
2026-04-09T07:39:42.219Z info: Login successful for ashu@gmail.com 
2026-04-09T07:52:08.579Z info: Server running on port 5000
2026-04-09T07:53:08.839Z info: Server running on port 5000
2026-04-09T07:53:30.812Z info: Farmer Data: manu puen 934254355
2026-04-09T07:53:30.829Z error: Database error: Error: Table 'login_app.farmers' doesn't exist
2026-04-09T07:56:12.878Z info: Farmer Data: shiru pune 9843632423
2026-04-09T07:56:12.886Z info: Farmer added successfully
2026-04-10T06:19:51.615Z info: Server running on port undefined
2026-04-10T06:20:55.738Z info: Server running on port undefined
2026-04-10T06:21:06.481Z info: Server running on port undefined
2026-04-10T06:21:23.042Z info: Server running on port undefined
2026-04-10T06:21:52.128Z info: Server running on port 5000
2026-04-10T06:41:28.348Z info: Server running on port 5000
2026-04-10T06:43:25.614Z info: Farmer Data: bheem dholakpur 92856435623
2026-04-10T06:43:25.627Z info: Farmer added successfully
2026-04-10T07:36:07.574Z info: Login request received
2026-04-10T07:36:07.583Z warn: Invalid login attempt: test@gmail.com
2026-04-10T07:36:26.404Z info: Login request received
2026-04-10T07:36:26.406Z warn: Invalid login attempt: ashu@gmailcom
2026-04-10T07:36:38.159Z info: Login request received
2026-04-10T07:36:38.163Z warn: Invalid login attempt: ashu@gmailcom
2026-04-10T07:36:51.066Z info: Login request received
2026-04-10T07:36:51.068Z warn: Invalid login attempt: test@gmail.com
2026-04-10T07:36:59.268Z info: Login request received
2026-04-10T07:36:59.270Z warn: Invalid login attempt: test@gmail.com
2026-04-10T07:37:45.899Z info: Login request received
2026-04-10T07:37:45.901Z info: Login successful for ashu@gmail.com
2026-04-10T07:38:31.092Z info: Login request received
2026-04-10T07:38:31.094Z info: Login successful for ashu@gmail.com
2026-04-10T07:44:04.881Z info: Farmer Data: raju pune 328769324432
2026-04-10T07:44:04.885Z info: Farmer added successfully
2026-04-10T07:47:18.948Z info: Farmer Data: bhem pune 9234775234
2026-04-10T07:47:18.961Z info: Farmer added successfully
2026-04-10T07:55:16.880Z info: Farmer Data: rajesh pune  983242842
2026-04-10T07:55:16.893Z info: Farmer added successfully
2026-04-10T08:06:49.592Z info: Server running on port 5000
2026-04-10T11:04:52.750Z info: Server running on port 5000
2026-04-10T11:58:42.090Z info: Server running on port 5000
2026-04-10T12:07:58.410Z info: Server running on port 5000
2026-04-10T12:18:14.510Z info: Server running on port 5000
2026-04-10T12:19:33.228Z info: Server running on port 5000
2026-04-10T12:22:42.138Z info: Server running on port 5000
2026-04-11T04:17:43.968Z info: Server running on port 5000
2026-04-11T04:22:02.960Z info: Server running on port 5000
2026-04-11T04:22:58.055Z info: Server running on port 5000
2026-04-11T04:42:11.084Z info: Farmer Data: atharv karad 932475555
2026-04-11T04:42:11.100Z info: Farmer added successfully
2026-04-11T04:56:04.642Z info: Farmer Data: purvi karad 9236485332
2026-04-11T04:56:04.645Z info: Farmer added successfully
2026-04-11T05:02:38.602Z info: Farmer Data: sdsd fff 6544
2026-04-11T05:02:38.605Z info: Farmer added successfully
2026-04-11T05:07:24.031Z info: Farmer Data: sai karad 9823752573
2026-04-11T05:07:24.033Z info: Farmer added successfully
2026-04-11T05:14:07.037Z info: Farmer Data: purva karad 94536346
2026-04-11T05:14:07.049Z info: Farmer added successfully
2026-04-11T05:27:51.647Z info: Server running on port 5000
2026-04-11T05:52:37.734Z info: Server running on port 5000
2026-04-11T05:53:59.212Z info: Farmer Data: sgy undefined hg 7655786
2026-04-11T05:53:59.215Z info: Farmer added successfully
2026-04-11T06:09:01.564Z info: Farmer Data: omkar undefined karad 935852355
2026-04-11T06:09:01.567Z info: Farmer added successfully
2026-04-11T06:10:03.513Z info: Farmer Data: omkar undefined pune 9428725275
2026-04-11T06:10:03.524Z info: Farmer added successfully
2026-04-11T06:32:55.490Z info: Login request received
2026-04-11T06:32:55.505Z info: Login successful for ashu@gmail.com
2026-04-11T08:06:43.429Z info: Farmer Data: rushi undefined pune 986758468
2026-04-11T08:06:43.442Z info: Farmer added successfully
2026-04-13T06:47:06.984Z info: Server running on port 5000
2026-04-13T06:52:41.266Z info: Server running on port 5000
2026-04-13T07:03:31.931Z info: Login request received
2026-04-13T07:03:31.939Z warn: Invalid login attempt: ashu@gmail.com
2026-04-13T07:03:48.767Z info: Login request received
2026-04-13T07:03:48.769Z info: Login request received
2026-04-13T07:03:48.771Z info: Login request received
2026-04-13T07:03:48.773Z info: Login successful for ashu@gmail.com
2026-04-13T07:03:48.775Z info: Login successful for ashu@gmail.com
2026-04-13T07:03:48.777Z info: Login successful for ashu@gmail.com
2026-04-13T07:48:58.300Z info: Server running on port 5000
2026-04-13T09:10:15.083Z info: Server running on port 5000
2026-04-13T09:10:45.282Z info: Login request received
2026-04-13T09:10:45.289Z info: Login successful for ashu@gmail.com
2026-04-13T09:32:36.053Z info: Login request received
2026-04-13T09:32:36.055Z info: Login successful for ashu@gmail.com
2026-04-13T09:46:07.138Z info: Login request received
2026-04-13T09:46:07.141Z info: Login successful for ashu@gmail.com
2026-04-13T10:16:49.804Z info: Farmer Data: rushi undefined pune  20847029398
2026-04-13T10:16:49.824Z info: Farmer added successfully
2026-04-13T10:18:14.977Z info: Farmer Data: rushi undefined pune 928357852
2026-04-13T10:18:14.990Z info: Farmer added successfully
2026-04-13T11:20:54.387Z info: Farmer Data: undefined undefined pune undefined
2026-04-13T11:20:54.400Z info: Farmer added successfully
2026-04-13T11:28:16.758Z info: Login request received
2026-04-13T11:28:16.761Z info: Login successful for ashu@gmail.com
2026-04-13T11:28:38.791Z info: Login request received
2026-04-13T11:28:38.793Z info: Login successful for ashu@gmail.com
2026-04-13T11:29:50.457Z info: Farmer Data: undefined undefined pune undefined
2026-04-13T11:29:50.469Z info: Farmer added successfully
2026-04-13T11:45:40.661Z info: Server running on port 5000
2026-04-13T12:30:57.451Z info: Farmer Data: raj rohan patil 28 karad 9235775297 v2432vrew345 wehwiw44636432 rohan@gmail.com
2026-04-13T12:30:57.467Z info: Farmer added successfully
2026-04-13T13:00:30.928Z info: Farmer Data: rutu raj niks 32 karad 9283472234 cah325235hh cdaf43525232 rutu@gmail.com
2026-04-13T13:00:30.942Z info: Farmer added successfully
2026-04-14T04:11:39.802Z info: Server running on port 5000
2026-04-16T04:06:20.358Z info: Server running on port 5000
2026-04-16T06:33:07.265Z info: Server running on port 5000
2026-04-16T06:35:33.827Z info: Server running on port 5000
2026-04-16T06:41:18.842Z info: Server running on port 5000
2026-04-16T06:42:54.671Z info: Server running on port 5000
2026-04-16T06:43:19.438Z info: Server running on port 5000
2026-04-16T06:43:51.880Z info: Server running on port 5000
2026-04-16T06:45:10.577Z info: Server running on port 5000
2026-04-16T06:45:12.310Z info: Login request received
2026-04-16T06:45:12.328Z info: Login successful for ashu@gmail.com
2026-04-16T06:48:37.151Z info: Server running on port 5000
2026-04-16T06:49:37.661Z info: Server running on port 5000
2026-04-16T06:49:59.158Z info: Server running on port 5000
2026-04-16T06:50:01.182Z info: Login request received
2026-04-16T06:50:01.193Z warn: Invalid login attempt: ashu@gmail.comashu123
2026-04-16T06:50:44.255Z info: Login request received
2026-04-16T06:50:44.257Z info: Login request received
2026-04-16T06:50:44.258Z info: Login request received
2026-04-16T06:50:44.259Z info: Login request received
2026-04-16T06:50:44.260Z warn: Invalid login attempt: ashu@gmail.comashu123
2026-04-16T06:50:44.262Z warn: Invalid login attempt: ashu@gmail.comashu123
2026-04-16T06:50:44.264Z warn: Invalid login attempt: ashu@gmail.comashu123
2026-04-16T06:50:44.265Z warn: Invalid login attempt: ashu@gmail.comashu123
2026-04-16T06:51:18.680Z info: Login request received
2026-04-16T06:51:18.681Z warn: Invalid login attempt: ashu@gmail.comashu123
2026-04-16T06:51:31.226Z info: Login request received
2026-04-16T06:51:31.228Z info: Login successful for ashu@gmail.com
2026-04-16T06:57:52.924Z info: Farmer Data: avi t nikam 1 karad 87654345 73875543334 sssssf avi@123
2026-04-16T06:57:52.927Z info: Farmer Data: avi t nikam 1 karad 87654345 73875543334 sssssf avi@123
2026-04-16T06:57:52.928Z info: Farmer Data: avi t nikam 1 karad 87654345 73875543334 sssssf avi@123
2026-04-16T06:57:52.930Z info: Farmer Data: avi t nikam 1 karad 87654345 73875543334 sssssf avi@123
2026-04-16T06:57:52.932Z info: Farmer Data: avi t nikam 1 karad 87654345 73875543334 sssssf avi@123
2026-04-16T06:57:52.940Z info: Farmer added successfully
2026-04-16T06:57:52.944Z info: Farmer added successfully
2026-04-16T06:57:52.947Z info: Farmer added successfully
2026-04-16T06:57:52.952Z info: Farmer added successfully
2026-04-16T06:57:52.955Z info: Farmer added successfully
2026-04-16T07:20:22.304Z info: Server running on port 5000
2026-04-16T07:25:14.411Z info: Login request received
2026-04-16T07:25:14.418Z info: Login successful for ashu@gmail.com
2026-04-16T07:28:19.275Z info: Login request received
2026-04-16T07:28:19.277Z info: Login successful for ashu@gmail.com
2026-04-16T07:30:39.059Z info: Farmer Data: raj s pawar 4 karad 54325678 23567986 ed34gf raj@234
2026-04-16T07:30:39.062Z info: Farmer added successfully
2026-04-16T07:53:16.823Z info: Server running on port 5000
2026-04-16T07:53:51.803Z info: Login request received
2026-04-16T07:53:51.811Z info: Login successful for ashu@gmail.com
2026-04-16T09:26:49.813Z info: Login request received
2026-04-16T09:26:49.815Z info: Login successful for ashu@gmail.com
2026-04-16T09:31:32.761Z info: Login request received
2026-04-16T09:31:32.772Z warn: Invalid login attempt: shreyash_____29
2026-04-16T09:31:45.852Z info: Login request received
2026-04-16T09:31:45.854Z warn: Invalid login attempt: shreyash_____29
2026-04-16T09:34:26.603Z info: Server running on port 5000
2026-04-16T09:38:25.849Z info: Server running on port 5000
2026-04-16T09:40:00.864Z info: Server running on port 5000
2026-04-16T10:00:10.872Z info: Server running on port 5000
2026-04-16T11:30:09.578Z info: Login request received
2026-04-16T11:30:09.585Z info: Login successful for ashu@gmail.com
2026-04-16T11:32:35.854Z info: Login request received
2026-04-16T11:32:35.856Z warn: Invalid login attempt: raj@gamil.com
2026-04-16T11:33:07.605Z info: Login request received
2026-04-16T11:33:07.607Z info: Login successful for ashu@gmail.com
2026-04-16T13:10:18.574Z info: Login request received
2026-04-16T13:10:18.578Z warn: Invalid login attempt: ashu@gmal.com
2026-04-16T13:10:26.570Z info: Login request received
2026-04-16T13:10:26.573Z info: Login successful for ashu@gmail.com
2026-04-17T05:00:47.146Z info: Login request received
2026-04-17T05:00:47.153Z info: Login successful for ashu@gmail.com
2026-04-17T05:01:21.770Z info: Login request received
2026-04-17T05:01:21.772Z info: Login successful for ashu@gmail.com
2026-04-17T10:20:01.581Z info: Login request received
2026-04-17T10:20:01.585Z warn: Invalid login attempt: ashu@gmal.com
2026-04-17T10:20:10.738Z info: Login request received
2026-04-17T10:20:10.740Z warn: Invalid login attempt: ashu@gmal.com
2026-04-17T10:20:22.578Z info: Login request received
2026-04-17T10:20:22.580Z info: Login successful for ashu@gmail.com
2026-04-18T07:25:13.420Z info: Login request received
2026-04-18T07:25:13.441Z warn: Invalid login attempt: ashu@gmal.com
2026-04-18T07:26:42.536Z info: Login request received
2026-04-18T07:26:42.537Z info: Login successful for ashu@gmail.com
2026-04-18T09:57:57.267Z info: Login request received
2026-04-18T09:57:57.273Z warn: Invalid login attempt: ashu@gmal.com
2026-04-18T09:58:47.943Z info: Login request received
2026-04-18T09:58:47.945Z warn: Invalid login attempt: ashu@gmal.com
2026-04-18T09:59:03.157Z info: Login request received
2026-04-18T09:59:03.159Z info: Login successful for ashu@gmail.com
2026-04-18T10:11:18.221Z info: Login request received
2026-04-18T10:11:18.223Z info: Login successful for ashu@gmail.com
2026-04-18T10:16:57.833Z info: Login request received
2026-04-18T10:16:57.835Z info: Login successful for ashu@gmail.com
2026-04-18T10:19:47.182Z info: Login request received
2026-04-18T10:19:47.183Z info: Login successful for ashu@gmail.com
2026-04-18T10:25:22.918Z info: Login request received
2026-04-18T10:25:22.919Z info: Login successful for ashu@gmail.com
